<?xml version="1.0" encoding="UTF-8"?>
<!-- Generated by org.testng.reporters.JUnitReportReporter -->
<testsuite skipped="0" hostname="LAPTOP-B8QSIST2" name="MagentoTest" tests="1" failures="0" timestamp="13 Oct 2018 07:10:58 GMT" time="56.434" errors="0">
  <testcase name="posCredentials" time="56.434" classname="MagentoTest"/>
</testsuite> <!-- MagentoTest -->
